c:\users\four\desktop\tp\four\x64\debug\controlfour.obj
c:\users\four\desktop\tp\four\x64\debug\main.obj
c:\users\four\desktop\tp\four\x64\debug\four.obj
c:\users\four\desktop\tp\four\x64\debug\vc143.pdb
c:\users\four\desktop\tp\four\x64\debug\qrc_four.obj
c:\users\four\desktop\tp\four\x64\debug\moc_four.obj
c:\users\gabri\source\repos\tp\four\x64\debug\uic\ui_four.h
c:\users\gabri\source\repos\tp\four\x64\debug\rcc\qrc_four.cpp
c:\users\gabri\source\repos\tp\four\x64\debug\moc\moc_four.cpp
c:\users\four\desktop\tp\four\x64\debug\qt\uic\ui_four.h
c:\users\four\desktop\tp\four\x64\debug\qt\rcc\qrc_four.cpp
c:\users\four\desktop\tp\four\x64\debug\qt\moc\moc_four.cpp
c:\users\four\desktop\tp\x64\debug\four.ilk
c:\users\four\desktop\tp\x64\debug\four.pdb
c:\users\four\desktop\tp\x64\debug\four.exe
c:\users\four\desktop\tp\four\x64\debug\four.tlog\cl.command.1.tlog
c:\users\four\desktop\tp\four\x64\debug\four.tlog\cl.items.tlog
c:\users\four\desktop\tp\four\x64\debug\four.tlog\cl.read.1.tlog
c:\users\four\desktop\tp\four\x64\debug\four.tlog\cl.write.1.tlog
c:\users\four\desktop\tp\four\x64\debug\four.tlog\four.write.1u.tlog
c:\users\four\desktop\tp\four\x64\debug\four.tlog\link.command.1.tlog
c:\users\four\desktop\tp\four\x64\debug\four.tlog\link.read.1.tlog
c:\users\four\desktop\tp\four\x64\debug\four.tlog\link.secondary.1.tlog
c:\users\four\desktop\tp\four\x64\debug\four.tlog\link.write.1.tlog
c:\users\four\desktop\tp\four\x64\debug\four.tlog\moc.read.1u.tlog
c:\users\four\desktop\tp\four\x64\debug\four.tlog\moc.write.1u.tlog
c:\users\four\desktop\tp\four\x64\debug\four.tlog\rcc.read.1u.tlog
c:\users\four\desktop\tp\four\x64\debug\four.tlog\rcc.write.1u.tlog
c:\users\four\desktop\tp\four\x64\debug\four.tlog\uic.read.1u.tlog
c:\users\four\desktop\tp\four\x64\debug\four.tlog\uic.write.1u.tlog
